<?xml version="1.0" encoding="UTF-8"?>
<!-- Generated by org.testng.reporters.JUnitReportReporter -->
<testsuite hostname="DESKTOP-2OKIFLB" failures="0" tests="1" name="com.KuldeepSingh.purchaseFromNaveenAutomationLabs.PurchaseFromNaveenWebsite" time="31.111" errors="0" timestamp="14 Dec 2022 23:50:29 GMT" skipped="0">
  <testcase classname="com.KuldeepSingh.purchaseFromNaveenAutomationLabs.PurchaseFromNaveenWebsite" name="verifyUserPurchase" time="31.111"/>
</testsuite> <!-- com.KuldeepSingh.purchaseFromNaveenAutomationLabs.PurchaseFromNaveenWebsite -->
